0 info it worked if it ends with ok
1 verbose cli [ 'C:\\Program Files\\nodejs\\node.exe',
1 verbose cli   'C:\\Program Files\\nodejs\\node_modules\\npm\\bin\\npm-cli.js',
1 verbose cli   'start' ]
2 info using npm@3.10.10
3 info using node@v6.11.3
4 verbose run-script [ 'prestart', 'start', 'poststart' ]
5 info lifecycle es6-ex@1.0.0~prestart: es6-ex@1.0.0
6 silly lifecycle es6-ex@1.0.0~prestart: no script for prestart, continuing
7 info lifecycle es6-ex@1.0.0~start: es6-ex@1.0.0
8 verbose lifecycle es6-ex@1.0.0~start: unsafe-perm in lifecycle true
9 verbose lifecycle es6-ex@1.0.0~start: PATH: C:\Users\bv176\AppData\Roaming\nvm\v6.11.3\node_modules\npm\bin\node-gyp-bin;C:\CODE\es6-ex\node_modules\.bin;C:\Users\bv176\bin;C:\Program Files\Git\mingw64\bin;C:\Program Files\Git\usr\local\bin;C:\Program Files\Git\usr\bin;C:\Program Files\Git\usr\bin;C:\Program Files\Git\mingw64\bin;C:\Program Files\Git\usr\bin;C:\Users\bv176\bin;C:\ProgramData\Oracle\Java\javapath;C:\Program Files (x86)\Cuminas\Document Express DjVu Plug-in;C:\Oracle\product\11.2.0\client_1\bin;C:\WINDOWS\system32;C:\WINDOWS;C:\WINDOWS\System32\Wbem;C:\WINDOWS\System32\WindowsPowerShell\v1.0;C:\WINDOWS\System32\WindowsPowerShell\v1.0;C:\WINDOWS\System32\WindowsPowerShell\v1.0;C:\WINDOWS\System32\WindowsPowerShell\v1.0;C:\WINDOWS\System32\WindowsPowerShell\v1.0;C:\Program Files\Git\cmd;C:\Users\bv176\AppData\Roaming\nvm;C:\Program Files\nodejs;C:\Program Files\Microsoft SQL Server\Client SDK\ODBC\110\Tools\Binn;C:\Program Files (x86)\Microsoft SQL Server\120\Tools\Binn;C:\Program Files\Microsoft SQL Server\120\Tools\Binn;C:\Program Files\Microsoft SQL Server\120\DTS\Binn;C:\Program Files\PuTTY;C:\Python27\ArcGIS10.4;C:\Program Files (x86)\Windows Kits\8.1\Windows Performance Toolkit;C:\WINDOWS\SUA\common;C:\WINDOWS\SUA\usr\lib;C:\Program Files\Microsoft VS Code\bin;C:\Users\bv176\AppData\Local\atom\bin;C:\Users\bv176\AppData\Local\GitHubDesktop\bin;C:\Program Files\Git\usr\bin\vendor_perl;C:\Program Files\Git\usr\bin\core_perl
10 verbose lifecycle es6-ex@1.0.0~start: CWD: C:\CODE\es6-ex
11 silly lifecycle es6-ex@1.0.0~start: Args: [ '/d /s /c', 'node src/server/server.babel.js' ]
12 silly lifecycle es6-ex@1.0.0~start: Returned: code: 1  signal: null
13 info lifecycle es6-ex@1.0.0~start: Failed to exec start script
14 verbose stack Error: es6-ex@1.0.0 start: `node src/server/server.babel.js`
14 verbose stack Exit status 1
14 verbose stack     at EventEmitter.<anonymous> (C:\Users\bv176\AppData\Roaming\nvm\v6.11.3\node_modules\npm\lib\utils\lifecycle.js:255:16)
14 verbose stack     at emitTwo (events.js:106:13)
14 verbose stack     at EventEmitter.emit (events.js:191:7)
14 verbose stack     at ChildProcess.<anonymous> (C:\Users\bv176\AppData\Roaming\nvm\v6.11.3\node_modules\npm\lib\utils\spawn.js:40:14)
14 verbose stack     at emitTwo (events.js:106:13)
14 verbose stack     at ChildProcess.emit (events.js:191:7)
14 verbose stack     at maybeClose (internal/child_process.js:920:16)
14 verbose stack     at Process.ChildProcess._handle.onexit (internal/child_process.js:230:5)
15 verbose pkgid es6-ex@1.0.0
16 verbose cwd C:\CODE\es6-ex
17 error Windows_NT 6.1.7601
18 error argv "C:\\Program Files\\nodejs\\node.exe" "C:\\Program Files\\nodejs\\node_modules\\npm\\bin\\npm-cli.js" "start"
19 error node v6.11.3
20 error npm  v3.10.10
21 error code ELIFECYCLE
22 error es6-ex@1.0.0 start: `node src/server/server.babel.js`
22 error Exit status 1
23 error Failed at the es6-ex@1.0.0 start script 'node src/server/server.babel.js'.
23 error Make sure you have the latest version of node.js and npm installed.
23 error If you do, this is most likely a problem with the es6-ex package,
23 error not with npm itself.
23 error Tell the author that this fails on your system:
23 error     node src/server/server.babel.js
23 error You can get information on how to open an issue for this project with:
23 error     npm bugs es6-ex
23 error Or if that isn't available, you can get their info via:
23 error     npm owner ls es6-ex
23 error There is likely additional logging output above.
24 verbose exit [ 1, true ]
